<?xml version="1.0" encoding="UTF-8"?>
<!-- Generated by org.testng.reporters.JUnitReportReporter -->
<testsuite hostname="DESKTOP-65PQJQ3" failures="0" tests="4" name="TestNG.TestNG.T2" time="17.909" errors="0" timestamp="2022-05-11T10:23:26 IST" skipped="0">
  <testcase classname="TestNG.TestNG.T2" name="setUp" time="11.144"/>
  <system-out/>
  <testcase classname="TestNG.TestNG.T2" name="loginFunctinality" time="5.949"/>
  <system-out/>
  <testcase classname="TestNG.TestNG.T2" name="verifyTitle" time="0.037"/>
  <system-out/>
  <testcase classname="TestNG.TestNG.T2" name="tearDown" time="0.779"/>
  <system-out/>
</testsuite> <!-- TestNG.TestNG.T2 -->
